{"/home/msulander/code/personal/student-attendance-tracker/client-app/src/components/AttendanceTracking.tsx": {"path":"/home/msulander/code/personal/student-attendance-tracker/client-app/src/components/AttendanceTracking.tsx","statementMap":{"0":{"start":{"line":16,"column":27},"end":{"line":92,"column":null}},"1":{"start":{"line":17,"column":33},"end":{"line":17,"column":null}},"2":{"start":{"line":18,"column":31},"end":{"line":18,"column":null}},"3":{"start":{"line":19,"column":17},"end":{"line":19,"column":null}},"4":{"start":{"line":21,"column":23},"end":{"line":42,"column":null}},"5":{"start":{"line":22,"column":4},"end":{"line":22,"column":null}},"6":{"start":{"line":24,"column":4},"end":{"line":31,"column":null}},"7":{"start":{"line":25,"column":6},"end":{"line":29,"column":null}},"8":{"start":{"line":30,"column":6},"end":{"line":30,"column":null}},"9":{"start":{"line":33,"column":10},"end":{"line":33,"column":null}},"10":{"start":{"line":35,"column":4},"end":{"line":38,"column":null}},"11":{"start":{"line":40,"column":4},"end":{"line":40,"column":null}},"12":{"start":{"line":41,"column":4},"end":{"line":41,"column":null}},"13":{"start":{"line":60,"column":33},"end":{"line":60,"column":null}},"14":{"start":{"line":70,"column":33},"end":{"line":70,"column":null}}},"fnMap":{"0":{"name":"(anonymous_0)","decl":{"start":{"line":16,"column":27},"end":{"line":16,"column":28}},"loc":{"start":{"line":16,"column":64},"end":{"line":92,"column":null}},"line":16},"1":{"name":"(anonymous_1)","decl":{"start":{"line":21,"column":23},"end":{"line":21,"column":24}},"loc":{"start":{"line":21,"column":24},"end":{"line":42,"column":null}},"line":21},"2":{"name":"(anonymous_2)","decl":{"start":{"line":60,"column":26},"end":{"line":60,"column":27}},"loc":{"start":{"line":60,"column":33},"end":{"line":60,"column":null}},"line":60},"3":{"name":"(anonymous_3)","decl":{"start":{"line":70,"column":26},"end":{"line":70,"column":27}},"loc":{"start":{"line":70,"column":33},"end":{"line":70,"column":null}},"line":70}},"branchMap":{"0":{"loc":{"start":{"line":24,"column":4},"end":{"line":31,"column":null}},"type":"if","locations":[{"start":{"line":24,"column":4},"end":{"line":31,"column":null}},{"start":{},"end":{}}],"line":24},"1":{"loc":{"start":{"line":24,"column":8},"end":{"line":24,"column":47}},"type":"binary-expr","locations":[{"start":{"line":24,"column":8},"end":{"line":24,"column":29}},{"start":{"line":24,"column":29},"end":{"line":24,"column":47}}],"line":24}},"s":{"0":1,"1":29,"2":29,"3":29,"4":29,"5":2,"6":2,"7":0,"8":0,"9":2,"10":2,"11":2,"12":2,"13":12,"14":9},"f":{"0":29,"1":2,"2":12,"3":9},"b":{"0":[0,2],"1":[2,2]},"meta":{"lastBranch":2,"lastFunction":4,"lastStatement":15,"seen":{"s:16:27:92:Infinity":0,"f:16:27:16:28":0,"s:17:33:17:Infinity":1,"s:18:31:18:Infinity":2,"s:19:17:19:Infinity":3,"s:21:23:42:Infinity":4,"f:21:23:21:24":1,"s:22:4:22:Infinity":5,"b:24:4:31:Infinity:undefined:undefined:undefined:undefined":0,"s:24:4:31:Infinity":6,"b:24:8:24:29:24:29:24:47":1,"s:25:6:29:Infinity":7,"s:30:6:30:Infinity":8,"s:33:10:33:Infinity":9,"s:35:4:38:Infinity":10,"s:40:4:40:Infinity":11,"s:41:4:41:Infinity":12,"f:60:26:60:27":2,"s:60:33:60:Infinity":13,"f:70:26:70:27":3,"s:70:33:70:Infinity":14}}}
,"/home/msulander/code/personal/student-attendance-tracker/client-app/src/components/PublicNav.tsx": {"path":"/home/msulander/code/personal/student-attendance-tracker/client-app/src/components/PublicNav.tsx","statementMap":{"0":{"start":{"line":4,"column":18},"end":{"line":15,"column":null}}},"fnMap":{"0":{"name":"(anonymous_0)","decl":{"start":{"line":4,"column":18},"end":{"line":4,"column":null}},"loc":{"start":{"line":4,"column":18},"end":{"line":15,"column":null}},"line":4}},"branchMap":{},"s":{"0":1},"f":{"0":97},"b":{},"meta":{"lastBranch":0,"lastFunction":1,"lastStatement":1,"seen":{"s:4:18:15:Infinity":0,"f:4:18:4:Infinity":0}}}
,"/home/msulander/code/personal/student-attendance-tracker/client-app/src/components/ui/button.tsx": {"path":"/home/msulander/code/personal/student-attendance-tracker/client-app/src/components/ui/button.tsx","statementMap":{"0":{"start":{"line":7,"column":6},"end":{"line":30,"column":null}},"1":{"start":{"line":39,"column":15},"end":{"line":43,"column":null}},"2":{"start":{"line":41,"column":17},"end":{"line":41,"column":null}},"3":{"start":{"line":45,"column":0},"end":{"line":45,"column":null}}},"fnMap":{"0":{"name":"(anonymous_0)","decl":{"start":{"line":40,"column":2},"end":{"line":40,"column":3}},"loc":{"start":{"line":40,"column":60},"end":{"line":43,"column":null}},"line":40}},"branchMap":{"0":{"loc":{"start":{"line":40,"column":31},"end":{"line":40,"column":46}},"type":"default-arg","locations":[{"start":{"line":40,"column":41},"end":{"line":40,"column":46}}],"line":40},"1":{"loc":{"start":{"line":41,"column":17},"end":{"line":41,"column":null}},"type":"cond-expr","locations":[{"start":{"line":41,"column":27},"end":{"line":41,"column":34}},{"start":{"line":41,"column":34},"end":{"line":41,"column":null}}],"line":41}},"s":{"0":2,"1":2,"2":223,"3":2},"f":{"0":223},"b":{"0":[223],"1":[0,223]},"meta":{"lastBranch":2,"lastFunction":1,"lastStatement":4,"seen":{"s:7:6:30:Infinity":0,"s:39:15:43:Infinity":1,"f:40:2:40:3":0,"b:40:41:40:46":0,"s:41:17:41:Infinity":2,"b:41:27:41:34:41:34:41:Infinity":1,"s:45:0:45:Infinity":3}}}
,"/home/msulander/code/personal/student-attendance-tracker/client-app/src/components/ui/card.tsx": {"path":"/home/msulander/code/personal/student-attendance-tracker/client-app/src/components/ui/card.tsx","statementMap":{"0":{"start":{"line":8,"column":0},"end":{"line":8,"column":null}},"1":{"start":{"line":15,"column":0},"end":{"line":15,"column":null}},"2":{"start":{"line":22,"column":0},"end":{"line":22,"column":null}},"3":{"start":{"line":29,"column":0},"end":{"line":29,"column":null}},"4":{"start":{"line":34,"column":0},"end":{"line":34,"column":null}},"5":{"start":{"line":41,"column":0},"end":{"line":41,"column":null}}},"fnMap":{},"branchMap":{},"s":{"0":2,"1":2,"2":2,"3":2,"4":2,"5":2},"f":{},"b":{},"meta":{"lastBranch":0,"lastFunction":0,"lastStatement":6,"seen":{"s:8:0:8:Infinity":0,"s:15:0:15:Infinity":1,"s:22:0:22:Infinity":2,"s:29:0:29:Infinity":3,"s:34:0:34:Infinity":4,"s:41:0:41:Infinity":5}}}
,"/home/msulander/code/personal/student-attendance-tracker/client-app/src/components/ui/input.tsx": {"path":"/home/msulander/code/personal/student-attendance-tracker/client-app/src/components/ui/input.tsx","statementMap":{"0":{"start":{"line":5,"column":14},"end":{"line":18,"column":null}},"1":{"start":{"line":20,"column":0},"end":{"line":20,"column":null}}},"fnMap":{"0":{"name":"(anonymous_0)","decl":{"start":{"line":6,"column":2},"end":{"line":6,"column":3}},"loc":{"start":{"line":6,"column":34},"end":{"line":18,"column":null}},"line":6}},"branchMap":{},"s":{"0":2,"1":2},"f":{"0":252},"b":{},"meta":{"lastBranch":0,"lastFunction":1,"lastStatement":2,"seen":{"s:5:14:18:Infinity":0,"f:6:2:6:3":0,"s:20:0:20:Infinity":1}}}
,"/home/msulander/code/personal/student-attendance-tracker/client-app/src/components/ui/label.tsx": {"path":"/home/msulander/code/personal/student-attendance-tracker/client-app/src/components/ui/label.tsx","statementMap":{"0":{"start":{"line":7,"column":6},"end":{"line":7,"column":null}},"1":{"start":{"line":15,"column":0},"end":{"line":15,"column":null}}},"fnMap":{},"branchMap":{},"s":{"0":2,"1":2},"f":{},"b":{},"meta":{"lastBranch":0,"lastFunction":0,"lastStatement":2,"seen":{"s:7:6:7:Infinity":0,"s:15:0:15:Infinity":1}}}
,"/home/msulander/code/personal/student-attendance-tracker/client-app/src/contexts/AuthContext.tsx": {"path":"/home/msulander/code/personal/student-attendance-tracker/client-app/src/contexts/AuthContext.tsx","statementMap":{"0":{"start":{"line":17,"column":6},"end":{"line":17,"column":null}},"1":{"start":{"line":19,"column":28},"end":{"line":106,"column":null}},"2":{"start":{"line":20,"column":23},"end":{"line":20,"column":null}},"3":{"start":{"line":22,"column":2},"end":{"line":27,"column":null}},"4":{"start":{"line":23,"column":23},"end":{"line":23,"column":null}},"5":{"start":{"line":24,"column":4},"end":{"line":26,"column":null}},"6":{"start":{"line":25,"column":6},"end":{"line":25,"column":null}},"7":{"start":{"line":29,"column":16},"end":{"line":40,"column":null}},"8":{"start":{"line":30,"column":18},"end":{"line":30,"column":null}},"9":{"start":{"line":31,"column":22},"end":{"line":31,"column":null}},"10":{"start":{"line":31,"column":40},"end":{"line":31,"column":null}},"11":{"start":{"line":33,"column":4},"end":{"line":38,"column":null}},"12":{"start":{"line":34,"column":23},"end":{"line":34,"column":null}},"13":{"start":{"line":35,"column":6},"end":{"line":35,"column":null}},"14":{"start":{"line":36,"column":6},"end":{"line":36,"column":null}},"15":{"start":{"line":37,"column":6},"end":{"line":37,"column":null}},"16":{"start":{"line":39,"column":4},"end":{"line":39,"column":null}},"17":{"start":{"line":42,"column":17},"end":{"line":57,"column":null}},"18":{"start":{"line":43,"column":18},"end":{"line":43,"column":null}},"19":{"start":{"line":45,"column":4},"end":{"line":47,"column":null}},"20":{"start":{"line":45,"column":26},"end":{"line":45,"column":46}},"21":{"start":{"line":46,"column":6},"end":{"line":46,"column":null}},"22":{"start":{"line":49,"column":20},"end":{"line":49,"column":null}},"23":{"start":{"line":50,"column":4},"end":{"line":50,"column":null}},"24":{"start":{"line":51,"column":4},"end":{"line":51,"column":null}},"25":{"start":{"line":53,"column":21},"end":{"line":53,"column":null}},"26":{"start":{"line":54,"column":4},"end":{"line":54,"column":null}},"27":{"start":{"line":55,"column":4},"end":{"line":55,"column":null}},"28":{"start":{"line":56,"column":4},"end":{"line":56,"column":null}},"29":{"start":{"line":59,"column":17},"end":{"line":62,"column":null}},"30":{"start":{"line":60,"column":4},"end":{"line":60,"column":null}},"31":{"start":{"line":61,"column":4},"end":{"line":61,"column":null}},"32":{"start":{"line":64,"column":22},"end":{"line":85,"column":null}},"33":{"start":{"line":65,"column":4},"end":{"line":65,"column":null}},"34":{"start":{"line":65,"column":15},"end":{"line":65,"column":null}},"35":{"start":{"line":67,"column":18},"end":{"line":67,"column":null}},"36":{"start":{"line":68,"column":29},"end":{"line":68,"column":null}},"37":{"start":{"line":68,"column":52},"end":{"line":68,"column":null}},"38":{"start":{"line":70,"column":4},"end":{"line":70,"column":null}},"39":{"start":{"line":70,"column":33},"end":{"line":70,"column":null}},"40":{"start":{"line":73,"column":4},"end":{"line":75,"column":null}},"41":{"start":{"line":73,"column":31},"end":{"line":73,"column":82}},"42":{"start":{"line":74,"column":6},"end":{"line":74,"column":null}},"43":{"start":{"line":77,"column":4},"end":{"line":77,"column":null}},"44":{"start":{"line":78,"column":4},"end":{"line":78,"column":null}},"45":{"start":{"line":80,"column":21},"end":{"line":80,"column":null}},"46":{"start":{"line":81,"column":4},"end":{"line":81,"column":null}},"47":{"start":{"line":82,"column":4},"end":{"line":82,"column":null}},"48":{"start":{"line":84,"column":4},"end":{"line":84,"column":null}},"49":{"start":{"line":87,"column":25},"end":{"line":99,"column":null}},"50":{"start":{"line":88,"column":4},"end":{"line":88,"column":null}},"51":{"start":{"line":88,"column":15},"end":{"line":88,"column":null}},"52":{"start":{"line":90,"column":18},"end":{"line":90,"column":null}},"53":{"start":{"line":91,"column":29},"end":{"line":91,"column":null}},"54":{"start":{"line":91,"column":52},"end":{"line":91,"column":null}},"55":{"start":{"line":93,"column":4},"end":{"line":93,"column":null}},"56":{"start":{"line":93,"column":33},"end":{"line":93,"column":null}},"57":{"start":{"line":95,"column":4},"end":{"line":95,"column":null}},"58":{"start":{"line":96,"column":4},"end":{"line":96,"column":null}},"59":{"start":{"line":98,"column":4},"end":{"line":98,"column":null}},"60":{"start":{"line":108,"column":23},"end":{"line":112,"column":null}},"61":{"start":{"line":109,"column":8},"end":{"line":109,"column":null}},"62":{"start":{"line":110,"column":2},"end":{"line":110,"column":null}},"63":{"start":{"line":110,"column":16},"end":{"line":110,"column":null}},"64":{"start":{"line":111,"column":2},"end":{"line":111,"column":null}}},"fnMap":{"0":{"name":"(anonymous_0)","decl":{"start":{"line":19,"column":28},"end":{"line":19,"column":29}},"loc":{"start":{"line":19,"column":66},"end":{"line":106,"column":null}},"line":19},"1":{"name":"(anonymous_1)","decl":{"start":{"line":22,"column":12},"end":{"line":22,"column":null}},"loc":{"start":{"line":22,"column":12},"end":{"line":27,"column":5}},"line":22},"2":{"name":"(anonymous_2)","decl":{"start":{"line":29,"column":16},"end":{"line":29,"column":23}},"loc":{"start":{"line":29,"column":38},"end":{"line":40,"column":null}},"line":29},"3":{"name":"(anonymous_3)","decl":{"start":{"line":31,"column":33},"end":{"line":31,"column":34}},"loc":{"start":{"line":31,"column":40},"end":{"line":31,"column":null}},"line":31},"4":{"name":"(anonymous_4)","decl":{"start":{"line":42,"column":17},"end":{"line":42,"column":24}},"loc":{"start":{"line":42,"column":57},"end":{"line":57,"column":null}},"line":42},"5":{"name":"(anonymous_5)","decl":{"start":{"line":45,"column":19},"end":{"line":45,"column":20}},"loc":{"start":{"line":45,"column":26},"end":{"line":45,"column":46}},"line":45},"6":{"name":"(anonymous_6)","decl":{"start":{"line":59,"column":17},"end":{"line":59,"column":null}},"loc":{"start":{"line":59,"column":17},"end":{"line":62,"column":null}},"line":59},"7":{"name":"(anonymous_7)","decl":{"start":{"line":64,"column":22},"end":{"line":64,"column":29}},"loc":{"start":{"line":64,"column":47},"end":{"line":85,"column":null}},"line":64},"8":{"name":"(anonymous_8)","decl":{"start":{"line":68,"column":45},"end":{"line":68,"column":46}},"loc":{"start":{"line":68,"column":52},"end":{"line":68,"column":null}},"line":68},"9":{"name":"(anonymous_9)","decl":{"start":{"line":73,"column":19},"end":{"line":73,"column":20}},"loc":{"start":{"line":73,"column":31},"end":{"line":73,"column":82}},"line":73},"10":{"name":"(anonymous_10)","decl":{"start":{"line":87,"column":25},"end":{"line":87,"column":32}},"loc":{"start":{"line":87,"column":57},"end":{"line":99,"column":null}},"line":87},"11":{"name":"(anonymous_11)","decl":{"start":{"line":91,"column":45},"end":{"line":91,"column":46}},"loc":{"start":{"line":91,"column":52},"end":{"line":91,"column":null}},"line":91},"12":{"name":"(anonymous_12)","decl":{"start":{"line":108,"column":23},"end":{"line":108,"column":null}},"loc":{"start":{"line":108,"column":23},"end":{"line":112,"column":null}},"line":108}},"branchMap":{"0":{"loc":{"start":{"line":24,"column":4},"end":{"line":26,"column":null}},"type":"if","locations":[{"start":{"line":24,"column":4},"end":{"line":26,"column":null}},{"start":{},"end":{}}],"line":24},"1":{"loc":{"start":{"line":30,"column":29},"end":{"line":30,"column":null}},"type":"binary-expr","locations":[{"start":{"line":30,"column":29},"end":{"line":30,"column":62}},{"start":{"line":30,"column":62},"end":{"line":30,"column":null}}],"line":30},"2":{"loc":{"start":{"line":31,"column":40},"end":{"line":31,"column":null}},"type":"binary-expr","locations":[{"start":{"line":31,"column":40},"end":{"line":31,"column":61}},{"start":{"line":31,"column":61},"end":{"line":31,"column":null}}],"line":31},"3":{"loc":{"start":{"line":33,"column":4},"end":{"line":38,"column":null}},"type":"if","locations":[{"start":{"line":33,"column":4},"end":{"line":38,"column":null}},{"start":{},"end":{}}],"line":33},"4":{"loc":{"start":{"line":43,"column":29},"end":{"line":43,"column":null}},"type":"binary-expr","locations":[{"start":{"line":43,"column":29},"end":{"line":43,"column":62}},{"start":{"line":43,"column":62},"end":{"line":43,"column":null}}],"line":43},"5":{"loc":{"start":{"line":45,"column":4},"end":{"line":47,"column":null}},"type":"if","locations":[{"start":{"line":45,"column":4},"end":{"line":47,"column":null}},{"start":{},"end":{}}],"line":45},"6":{"loc":{"start":{"line":65,"column":4},"end":{"line":65,"column":null}},"type":"if","locations":[{"start":{"line":65,"column":4},"end":{"line":65,"column":null}},{"start":{},"end":{}}],"line":65},"7":{"loc":{"start":{"line":67,"column":29},"end":{"line":67,"column":null}},"type":"binary-expr","locations":[{"start":{"line":67,"column":29},"end":{"line":67,"column":62}},{"start":{"line":67,"column":62},"end":{"line":67,"column":null}}],"line":67},"8":{"loc":{"start":{"line":68,"column":52},"end":{"line":68,"column":null}},"type":"binary-expr","locations":[{"start":{"line":68,"column":52},"end":{"line":68,"column":74}},{"start":{"line":68,"column":78},"end":{"line":68,"column":null}}],"line":68},"9":{"loc":{"start":{"line":70,"column":4},"end":{"line":70,"column":null}},"type":"if","locations":[{"start":{"line":70,"column":4},"end":{"line":70,"column":null}},{"start":{},"end":{}}],"line":70},"10":{"loc":{"start":{"line":73,"column":4},"end":{"line":75,"column":null}},"type":"if","locations":[{"start":{"line":73,"column":4},"end":{"line":75,"column":null}},{"start":{},"end":{}}],"line":73},"11":{"loc":{"start":{"line":73,"column":31},"end":{"line":73,"column":82}},"type":"binary-expr","locations":[{"start":{"line":73,"column":31},"end":{"line":73,"column":55}},{"start":{"line":73,"column":55},"end":{"line":73,"column":82}}],"line":73},"12":{"loc":{"start":{"line":88,"column":4},"end":{"line":88,"column":null}},"type":"if","locations":[{"start":{"line":88,"column":4},"end":{"line":88,"column":null}},{"start":{},"end":{}}],"line":88},"13":{"loc":{"start":{"line":90,"column":29},"end":{"line":90,"column":null}},"type":"binary-expr","locations":[{"start":{"line":90,"column":29},"end":{"line":90,"column":62}},{"start":{"line":90,"column":62},"end":{"line":90,"column":null}}],"line":90},"14":{"loc":{"start":{"line":91,"column":52},"end":{"line":91,"column":null}},"type":"binary-expr","locations":[{"start":{"line":91,"column":52},"end":{"line":91,"column":74}},{"start":{"line":91,"column":78},"end":{"line":91,"column":null}}],"line":91},"15":{"loc":{"start":{"line":93,"column":4},"end":{"line":93,"column":null}},"type":"if","locations":[{"start":{"line":93,"column":4},"end":{"line":93,"column":null}},{"start":{},"end":{}}],"line":93},"16":{"loc":{"start":{"line":110,"column":2},"end":{"line":110,"column":null}},"type":"if","locations":[{"start":{"line":110,"column":2},"end":{"line":110,"column":null}},{"start":{},"end":{}}],"line":110}},"s":{"0":3,"1":3,"2":56,"3":56,"4":31,"5":31,"6":1,"7":56,"8":14,"9":14,"10":17,"11":14,"12":12,"13":12,"14":12,"15":12,"16":2,"17":56,"18":8,"19":8,"20":3,"21":2,"22":6,"23":6,"24":6,"25":6,"26":6,"27":6,"28":6,"29":56,"30":5,"31":5,"32":56,"33":5,"34":1,"35":4,"36":5,"37":5,"38":5,"39":1,"40":3,"41":6,"42":1,"43":2,"44":2,"45":2,"46":2,"47":2,"48":2,"49":56,"50":4,"51":1,"52":3,"53":4,"54":3,"55":4,"56":1,"57":2,"58":2,"59":2,"60":3,"61":145,"62":145,"63":4,"64":141},"f":{"0":56,"1":31,"2":14,"3":17,"4":8,"5":3,"6":5,"7":5,"8":5,"9":6,"10":4,"11":3,"12":145},"b":{"0":[1,30],"1":[14,0],"2":[17,13],"3":[12,2],"4":[8,5],"5":[2,6],"6":[1,4],"7":[4,0],"8":[5,4],"9":[1,4],"10":[1,2],"11":[6,2],"12":[1,3],"13":[3,0],"14":[3,3],"15":[1,3],"16":[4,141]},"meta":{"lastBranch":17,"lastFunction":13,"lastStatement":65,"seen":{"s:17:6:17:Infinity":0,"s:19:28:106:Infinity":1,"f:19:28:19:29":0,"s:20:23:20:Infinity":2,"s:22:2:27:Infinity":3,"f:22:12:22:Infinity":1,"s:23:23:23:Infinity":4,"b:24:4:26:Infinity:undefined:undefined:undefined:undefined":0,"s:24:4:26:Infinity":5,"s:25:6:25:Infinity":6,"s:29:16:40:Infinity":7,"f:29:16:29:23":2,"s:30:18:30:Infinity":8,"b:30:29:30:62:30:62:30:Infinity":1,"s:31:22:31:Infinity":9,"f:31:33:31:34":3,"s:31:40:31:Infinity":10,"b:31:40:31:61:31:61:31:Infinity":2,"b:33:4:38:Infinity:undefined:undefined:undefined:undefined":3,"s:33:4:38:Infinity":11,"s:34:23:34:Infinity":12,"s:35:6:35:Infinity":13,"s:36:6:36:Infinity":14,"s:37:6:37:Infinity":15,"s:39:4:39:Infinity":16,"s:42:17:57:Infinity":17,"f:42:17:42:24":4,"s:43:18:43:Infinity":18,"b:43:29:43:62:43:62:43:Infinity":4,"b:45:4:47:Infinity:undefined:undefined:undefined:undefined":5,"s:45:4:47:Infinity":19,"f:45:19:45:20":5,"s:45:26:45:46":20,"s:46:6:46:Infinity":21,"s:49:20:49:Infinity":22,"s:50:4:50:Infinity":23,"s:51:4:51:Infinity":24,"s:53:21:53:Infinity":25,"s:54:4:54:Infinity":26,"s:55:4:55:Infinity":27,"s:56:4:56:Infinity":28,"s:59:17:62:Infinity":29,"f:59:17:59:Infinity":6,"s:60:4:60:Infinity":30,"s:61:4:61:Infinity":31,"s:64:22:85:Infinity":32,"f:64:22:64:29":7,"b:65:4:65:Infinity:undefined:undefined:undefined:undefined":6,"s:65:4:65:Infinity":33,"s:65:15:65:Infinity":34,"s:67:18:67:Infinity":35,"b:67:29:67:62:67:62:67:Infinity":7,"s:68:29:68:Infinity":36,"f:68:45:68:46":8,"s:68:52:68:Infinity":37,"b:68:52:68:74:68:78:68:Infinity":8,"b:70:4:70:Infinity:undefined:undefined:undefined:undefined":9,"s:70:4:70:Infinity":38,"s:70:33:70:Infinity":39,"b:73:4:75:Infinity:undefined:undefined:undefined:undefined":10,"s:73:4:75:Infinity":40,"f:73:19:73:20":9,"s:73:31:73:82":41,"b:73:31:73:55:73:55:73:82":11,"s:74:6:74:Infinity":42,"s:77:4:77:Infinity":43,"s:78:4:78:Infinity":44,"s:80:21:80:Infinity":45,"s:81:4:81:Infinity":46,"s:82:4:82:Infinity":47,"s:84:4:84:Infinity":48,"s:87:25:99:Infinity":49,"f:87:25:87:32":10,"b:88:4:88:Infinity:undefined:undefined:undefined:undefined":12,"s:88:4:88:Infinity":50,"s:88:15:88:Infinity":51,"s:90:18:90:Infinity":52,"b:90:29:90:62:90:62:90:Infinity":13,"s:91:29:91:Infinity":53,"f:91:45:91:46":11,"s:91:52:91:Infinity":54,"b:91:52:91:74:91:78:91:Infinity":14,"b:93:4:93:Infinity:undefined:undefined:undefined:undefined":15,"s:93:4:93:Infinity":55,"s:93:33:93:Infinity":56,"s:95:4:95:Infinity":57,"s:96:4:96:Infinity":58,"s:98:4:98:Infinity":59,"s:108:23:112:Infinity":60,"f:108:23:108:Infinity":12,"s:109:8:109:Infinity":61,"b:110:2:110:Infinity:undefined:undefined:undefined:undefined":16,"s:110:2:110:Infinity":62,"s:110:16:110:Infinity":63,"s:111:2:111:Infinity":64}}}
,"/home/msulander/code/personal/student-attendance-tracker/client-app/src/hooks/use-toast.ts": {"path":"/home/msulander/code/personal/student-attendance-tracker/client-app/src/hooks/use-toast.ts","statementMap":{"0":{"start":{"line":5,"column":20},"end":{"line":5,"column":null}},"1":{"start":{"line":6,"column":27},"end":{"line":6,"column":null}},"2":{"start":{"line":15,"column":20},"end":{"line":20,"column":null}},"3":{"start":{"line":22,"column":12},"end":{"line":22,"column":null}},"4":{"start":{"line":25,"column":2},"end":{"line":25,"column":null}},"5":{"start":{"line":26,"column":2},"end":{"line":26,"column":null}},"6":{"start":{"line":53,"column":22},"end":{"line":53,"column":null}},"7":{"start":{"line":55,"column":25},"end":{"line":69,"column":null}},"8":{"start":{"line":56,"column":2},"end":{"line":58,"column":null}},"9":{"start":{"line":57,"column":4},"end":{"line":57,"column":null}},"10":{"start":{"line":60,"column":18},"end":{"line":66,"column":null}},"11":{"start":{"line":61,"column":4},"end":{"line":61,"column":null}},"12":{"start":{"line":62,"column":4},"end":{"line":65,"column":null}},"13":{"start":{"line":68,"column":2},"end":{"line":68,"column":null}},"14":{"start":{"line":71,"column":23},"end":{"line":122,"column":null}},"15":{"start":{"line":72,"column":2},"end":{"line":121,"column":null}},"16":{"start":{"line":74,"column":6},"end":{"line":77,"column":null}},"17":{"start":{"line":80,"column":6},"end":{"line":83,"column":null}},"18":{"start":{"line":82,"column":41},"end":{"line":82,"column":null}},"19":{"start":{"line":86,"column":26},"end":{"line":86,"column":null}},"20":{"start":{"line":90,"column":6},"end":{"line":96,"column":null}},"21":{"start":{"line":91,"column":8},"end":{"line":91,"column":null}},"22":{"start":{"line":93,"column":8},"end":{"line":95,"column":null}},"23":{"start":{"line":94,"column":10},"end":{"line":94,"column":null}},"24":{"start":{"line":98,"column":6},"end":{"line":108,"column":null}},"25":{"start":{"line":101,"column":10},"end":{"line":106,"column":null}},"26":{"start":{"line":111,"column":6},"end":{"line":116,"column":null}},"27":{"start":{"line":112,"column":8},"end":{"line":115,"column":null}},"28":{"start":{"line":117,"column":6},"end":{"line":120,"column":null}},"29":{"start":{"line":119,"column":43},"end":{"line":119,"column":66}},"30":{"start":{"line":124,"column":49},"end":{"line":124,"column":51}},"31":{"start":{"line":126,"column":25},"end":{"line":126,"column":null}},"32":{"start":{"line":129,"column":2},"end":{"line":129,"column":null}},"33":{"start":{"line":130,"column":2},"end":{"line":132,"column":null}},"34":{"start":{"line":131,"column":4},"end":{"line":131,"column":null}},"35":{"start":{"line":138,"column":13},"end":{"line":138,"column":null}},"36":{"start":{"line":140,"column":17},"end":{"line":144,"column":null}},"37":{"start":{"line":141,"column":4},"end":{"line":144,"column":null}},"38":{"start":{"line":145,"column":18},"end":{"line":145,"column":null}},"39":{"start":{"line":145,"column":24},"end":{"line":145,"column":null}},"40":{"start":{"line":147,"column":2},"end":{"line":157,"column":null}},"41":{"start":{"line":154,"column":8},"end":{"line":154,"column":null}},"42":{"start":{"line":154,"column":19},"end":{"line":154,"column":null}},"43":{"start":{"line":159,"column":2},"end":{"line":163,"column":null}},"44":{"start":{"line":167,"column":28},"end":{"line":167,"column":null}},"45":{"start":{"line":169,"column":2},"end":{"line":177,"column":null}},"46":{"start":{"line":170,"column":4},"end":{"line":170,"column":null}},"47":{"start":{"line":171,"column":4},"end":{"line":176,"column":null}},"48":{"start":{"line":172,"column":20},"end":{"line":172,"column":null}},"49":{"start":{"line":173,"column":6},"end":{"line":175,"column":null}},"50":{"start":{"line":174,"column":8},"end":{"line":174,"column":null}},"51":{"start":{"line":179,"column":2},"end":{"line":183,"column":null}},"52":{"start":{"line":182,"column":35},"end":{"line":182,"column":null}}},"fnMap":{"0":{"name":"genId","decl":{"start":{"line":24,"column":9},"end":{"line":24,"column":null}},"loc":{"start":{"line":24,"column":9},"end":{"line":27,"column":null}},"line":24},"1":{"name":"(anonymous_1)","decl":{"start":{"line":55,"column":25},"end":{"line":55,"column":26}},"loc":{"start":{"line":55,"column":26},"end":{"line":69,"column":null}},"line":55},"2":{"name":"(anonymous_2)","decl":{"start":{"line":60,"column":29},"end":{"line":60,"column":null}},"loc":{"start":{"line":60,"column":29},"end":{"line":66,"column":5}},"line":60},"3":{"name":"(anonymous_3)","decl":{"start":{"line":71,"column":23},"end":{"line":71,"column":24}},"loc":{"start":{"line":71,"column":38},"end":{"line":122,"column":null}},"line":71},"4":{"name":"(anonymous_4)","decl":{"start":{"line":82,"column":33},"end":{"line":82,"column":34}},"loc":{"start":{"line":82,"column":41},"end":{"line":82,"column":null}},"line":82},"5":{"name":"(anonymous_5)","decl":{"start":{"line":93,"column":29},"end":{"line":93,"column":30}},"loc":{"start":{"line":93,"column":30},"end":{"line":95,"column":null}},"line":93},"6":{"name":"(anonymous_6)","decl":{"start":{"line":100,"column":33},"end":{"line":100,"column":34}},"loc":{"start":{"line":101,"column":10},"end":{"line":106,"column":null}},"line":101},"7":{"name":"(anonymous_7)","decl":{"start":{"line":119,"column":36},"end":{"line":119,"column":37}},"loc":{"start":{"line":119,"column":43},"end":{"line":119,"column":66}},"line":119},"8":{"name":"dispatch","decl":{"start":{"line":128,"column":9},"end":{"line":128,"column":18}},"loc":{"start":{"line":128,"column":32},"end":{"line":133,"column":null}},"line":128},"9":{"name":"(anonymous_9)","decl":{"start":{"line":130,"column":20},"end":{"line":130,"column":21}},"loc":{"start":{"line":130,"column":21},"end":{"line":132,"column":null}},"line":130},"10":{"name":"toast","decl":{"start":{"line":137,"column":9},"end":{"line":137,"column":15}},"loc":{"start":{"line":137,"column":34},"end":{"line":164,"column":null}},"line":137},"11":{"name":"(anonymous_11)","decl":{"start":{"line":140,"column":17},"end":{"line":140,"column":18}},"loc":{"start":{"line":141,"column":4},"end":{"line":144,"column":null}},"line":141},"12":{"name":"(anonymous_12)","decl":{"start":{"line":145,"column":18},"end":{"line":145,"column":24}},"loc":{"start":{"line":145,"column":24},"end":{"line":145,"column":null}},"line":145},"13":{"name":"(anonymous_13)","decl":{"start":{"line":153,"column":20},"end":{"line":153,"column":21}},"loc":{"start":{"line":153,"column":21},"end":{"line":155,"column":null}},"line":153},"14":{"name":"useToast","decl":{"start":{"line":166,"column":9},"end":{"line":166,"column":null}},"loc":{"start":{"line":166,"column":9},"end":{"line":184,"column":null}},"line":166},"15":{"name":"(anonymous_15)","decl":{"start":{"line":169,"column":18},"end":{"line":169,"column":null}},"loc":{"start":{"line":169,"column":18},"end":{"line":177,"column":5}},"line":169},"16":{"name":"(anonymous_16)","decl":{"start":{"line":171,"column":11},"end":{"line":171,"column":null}},"loc":{"start":{"line":171,"column":11},"end":{"line":176,"column":null}},"line":171},"17":{"name":"(anonymous_17)","decl":{"start":{"line":182,"column":13},"end":{"line":182,"column":14}},"loc":{"start":{"line":182,"column":35},"end":{"line":182,"column":null}},"line":182}},"branchMap":{"0":{"loc":{"start":{"line":56,"column":2},"end":{"line":58,"column":null}},"type":"if","locations":[{"start":{"line":56,"column":2},"end":{"line":58,"column":null}},{"start":{},"end":{}}],"line":56},"1":{"loc":{"start":{"line":72,"column":2},"end":{"line":121,"column":null}},"type":"switch","locations":[{"start":{"line":73,"column":4},"end":{"line":77,"column":null}},{"start":{"line":79,"column":4},"end":{"line":83,"column":null}},{"start":{"line":85,"column":4},"end":{"line":109,"column":null}},{"start":{"line":110,"column":4},"end":{"line":120,"column":null}}],"line":72},"2":{"loc":{"start":{"line":82,"column":41},"end":{"line":82,"column":null}},"type":"cond-expr","locations":[{"start":{"line":82,"column":68},"end":{"line":82,"column":96}},{"start":{"line":82,"column":96},"end":{"line":82,"column":null}}],"line":82},"3":{"loc":{"start":{"line":90,"column":6},"end":{"line":96,"column":null}},"type":"if","locations":[{"start":{"line":90,"column":6},"end":{"line":96,"column":null}},{"start":{"line":92,"column":13},"end":{"line":96,"column":null}}],"line":90},"4":{"loc":{"start":{"line":101,"column":10},"end":{"line":106,"column":null}},"type":"cond-expr","locations":[{"start":{"line":102,"column":14},"end":{"line":105,"column":null}},{"start":{"line":106,"column":14},"end":{"line":106,"column":null}}],"line":101},"5":{"loc":{"start":{"line":101,"column":10},"end":{"line":101,"column":null}},"type":"binary-expr","locations":[{"start":{"line":101,"column":10},"end":{"line":101,"column":30}},{"start":{"line":101,"column":30},"end":{"line":101,"column":null}}],"line":101},"6":{"loc":{"start":{"line":111,"column":6},"end":{"line":116,"column":null}},"type":"if","locations":[{"start":{"line":111,"column":6},"end":{"line":116,"column":null}},{"start":{},"end":{}}],"line":111},"7":{"loc":{"start":{"line":154,"column":8},"end":{"line":154,"column":null}},"type":"if","locations":[{"start":{"line":154,"column":8},"end":{"line":154,"column":null}},{"start":{},"end":{}}],"line":154},"8":{"loc":{"start":{"line":173,"column":6},"end":{"line":175,"column":null}},"type":"if","locations":[{"start":{"line":173,"column":6},"end":{"line":175,"column":null}},{"start":{},"end":{}}],"line":173}},"s":{"0":2,"1":2,"2":2,"3":2,"4":28,"5":28,"6":2,"7":2,"8":22,"9":3,"10":19,"11":0,"12":0,"13":19,"14":2,"15":50,"16":28,"17":0,"18":0,"19":22,"20":22,"21":21,"22":1,"23":1,"24":22,"25":22,"26":0,"27":0,"28":0,"29":0,"30":2,"31":2,"32":50,"33":50,"34":79,"35":28,"36":28,"37":0,"38":28,"39":0,"40":28,"41":0,"42":0,"43":28,"44":207,"45":207,"46":117,"47":117,"48":117,"49":117,"50":117,"51":207,"52":22},"f":{"0":28,"1":22,"2":0,"3":50,"4":0,"5":1,"6":22,"7":0,"8":50,"9":79,"10":28,"11":0,"12":0,"13":0,"14":207,"15":117,"16":117,"17":22},"b":{"0":[3,19],"1":[28,0,22,0],"2":[0,0],"3":[21,1],"4":[21,1],"5":[22,2],"6":[0,0],"7":[0,0],"8":[117,0]},"meta":{"lastBranch":9,"lastFunction":18,"lastStatement":53,"seen":{"s:5:20:5:Infinity":0,"s:6:27:6:Infinity":1,"s:15:20:20:Infinity":2,"s:22:12:22:Infinity":3,"f:24:9:24:Infinity":0,"s:25:2:25:Infinity":4,"s:26:2:26:Infinity":5,"s:53:22:53:Infinity":6,"s:55:25:69:Infinity":7,"f:55:25:55:26":1,"b:56:2:58:Infinity:undefined:undefined:undefined:undefined":0,"s:56:2:58:Infinity":8,"s:57:4:57:Infinity":9,"s:60:18:66:Infinity":10,"f:60:29:60:Infinity":2,"s:61:4:61:Infinity":11,"s:62:4:65:Infinity":12,"s:68:2:68:Infinity":13,"s:71:23:122:Infinity":14,"f:71:23:71:24":3,"b:73:4:77:Infinity:79:4:83:Infinity:85:4:109:Infinity:110:4:120:Infinity":1,"s:72:2:121:Infinity":15,"s:74:6:77:Infinity":16,"s:80:6:83:Infinity":17,"f:82:33:82:34":4,"s:82:41:82:Infinity":18,"b:82:68:82:96:82:96:82:Infinity":2,"s:86:26:86:Infinity":19,"b:90:6:96:Infinity:92:13:96:Infinity":3,"s:90:6:96:Infinity":20,"s:91:8:91:Infinity":21,"s:93:8:95:Infinity":22,"f:93:29:93:30":5,"s:94:10:94:Infinity":23,"s:98:6:108:Infinity":24,"f:100:33:100:34":6,"s:101:10:106:Infinity":25,"b:102:14:105:Infinity:106:14:106:Infinity":4,"b:101:10:101:30:101:30:101:Infinity":5,"b:111:6:116:Infinity:undefined:undefined:undefined:undefined":6,"s:111:6:116:Infinity":26,"s:112:8:115:Infinity":27,"s:117:6:120:Infinity":28,"f:119:36:119:37":7,"s:119:43:119:66":29,"s:124:49:124:51":30,"s:126:25:126:Infinity":31,"f:128:9:128:18":8,"s:129:2:129:Infinity":32,"s:130:2:132:Infinity":33,"f:130:20:130:21":9,"s:131:4:131:Infinity":34,"f:137:9:137:15":10,"s:138:13:138:Infinity":35,"s:140:17:144:Infinity":36,"f:140:17:140:18":11,"s:141:4:144:Infinity":37,"s:145:18:145:Infinity":38,"f:145:18:145:24":12,"s:145:24:145:Infinity":39,"s:147:2:157:Infinity":40,"f:153:20:153:21":13,"b:154:8:154:Infinity:undefined:undefined:undefined:undefined":7,"s:154:8:154:Infinity":41,"s:154:19:154:Infinity":42,"s:159:2:163:Infinity":43,"f:166:9:166:Infinity":14,"s:167:28:167:Infinity":44,"s:169:2:177:Infinity":45,"f:169:18:169:Infinity":15,"s:170:4:170:Infinity":46,"s:171:4:176:Infinity":47,"f:171:11:171:Infinity":16,"s:172:20:172:Infinity":48,"b:173:6:175:Infinity:undefined:undefined:undefined:undefined":8,"s:173:6:175:Infinity":49,"s:174:8:174:Infinity":50,"s:179:2:183:Infinity":51,"f:182:13:182:14":17,"s:182:35:182:Infinity":52}}}
,"/home/msulander/code/personal/student-attendance-tracker/client-app/src/lib/classes.ts": {"path":"/home/msulander/code/personal/student-attendance-tracker/client-app/src/lib/classes.ts","statementMap":{"0":{"start":{"line":18,"column":27},"end":{"line":31,"column":null}},"1":{"start":{"line":19,"column":18},"end":{"line":19,"column":null}},"2":{"start":{"line":20,"column":26},"end":{"line":26,"column":null}},"3":{"start":{"line":28,"column":2},"end":{"line":28,"column":null}},"4":{"start":{"line":29,"column":2},"end":{"line":29,"column":null}},"5":{"start":{"line":30,"column":2},"end":{"line":30,"column":null}},"6":{"start":{"line":33,"column":26},"end":{"line":35,"column":null}},"7":{"start":{"line":34,"column":2},"end":{"line":34,"column":null}},"8":{"start":{"line":37,"column":35},"end":{"line":42,"column":null}},"9":{"start":{"line":38,"column":18},"end":{"line":38,"column":null}},"10":{"start":{"line":39,"column":2},"end":{"line":41,"column":null}},"11":{"start":{"line":40,"column":17},"end":{"line":40,"column":null}},"12":{"start":{"line":41,"column":20},"end":{"line":41,"column":null}},"13":{"start":{"line":44,"column":28},"end":{"line":47,"column":null}},"14":{"start":{"line":45,"column":18},"end":{"line":45,"column":null}},"15":{"start":{"line":46,"column":2},"end":{"line":46,"column":null}},"16":{"start":{"line":46,"column":27},"end":{"line":46,"column":null}},"17":{"start":{"line":49,"column":27},"end":{"line":63,"column":null}},"18":{"start":{"line":50,"column":18},"end":{"line":50,"column":null}},"19":{"start":{"line":51,"column":16},"end":{"line":51,"column":null}},"20":{"start":{"line":51,"column":39},"end":{"line":51,"column":null}},"21":{"start":{"line":53,"column":2},"end":{"line":53,"column":null}},"22":{"start":{"line":53,"column":20},"end":{"line":53,"column":null}},"23":{"start":{"line":55,"column":2},"end":{"line":59,"column":null}},"24":{"start":{"line":61,"column":2},"end":{"line":61,"column":null}},"25":{"start":{"line":62,"column":2},"end":{"line":62,"column":null}},"26":{"start":{"line":65,"column":27},"end":{"line":79,"column":null}},"27":{"start":{"line":66,"column":18},"end":{"line":66,"column":null}},"28":{"start":{"line":67,"column":19},"end":{"line":67,"column":null}},"29":{"start":{"line":67,"column":39},"end":{"line":67,"column":null}},"30":{"start":{"line":69,"column":2},"end":{"line":69,"column":null}},"31":{"start":{"line":69,"column":42},"end":{"line":69,"column":null}},"32":{"start":{"line":71,"column":2},"end":{"line":71,"column":null}},"33":{"start":{"line":74,"column":18},"end":{"line":74,"column":null}},"34":{"start":{"line":75,"column":26},"end":{"line":75,"column":null}},"35":{"start":{"line":75,"column":46},"end":{"line":75,"column":null}},"36":{"start":{"line":76,"column":2},"end":{"line":76,"column":null}},"37":{"start":{"line":78,"column":2},"end":{"line":78,"column":null}},"38":{"start":{"line":82,"column":34},"end":{"line":99,"column":null}},"39":{"start":{"line":87,"column":18},"end":{"line":87,"column":null}},"40":{"start":{"line":88,"column":43},"end":{"line":94,"column":null}},"41":{"start":{"line":96,"column":2},"end":{"line":96,"column":null}},"42":{"start":{"line":97,"column":2},"end":{"line":97,"column":null}},"43":{"start":{"line":98,"column":2},"end":{"line":98,"column":null}},"44":{"start":{"line":101,"column":41},"end":{"line":103,"column":null}},"45":{"start":{"line":102,"column":2},"end":{"line":102,"column":null}},"46":{"start":{"line":105,"column":36},"end":{"line":110,"column":null}},"47":{"start":{"line":106,"column":18},"end":{"line":106,"column":null}},"48":{"start":{"line":107,"column":2},"end":{"line":109,"column":null}},"49":{"start":{"line":108,"column":17},"end":{"line":108,"column":null}},"50":{"start":{"line":109,"column":20},"end":{"line":109,"column":null}},"51":{"start":{"line":112,"column":43},"end":{"line":122,"column":null}},"52":{"start":{"line":117,"column":18},"end":{"line":117,"column":null}},"53":{"start":{"line":118,"column":2},"end":{"line":120,"column":null}},"54":{"start":{"line":119,"column":9},"end":{"line":120,"column":null}},"55":{"start":{"line":124,"column":41},"end":{"line":144,"column":null}},"56":{"start":{"line":125,"column":18},"end":{"line":125,"column":null}},"57":{"start":{"line":126,"column":18},"end":{"line":126,"column":null}},"58":{"start":{"line":128,"column":2},"end":{"line":139,"column":null}},"59":{"start":{"line":129,"column":16},"end":{"line":129,"column":98}},"60":{"start":{"line":130,"column":4},"end":{"line":138,"column":null}},"61":{"start":{"line":131,"column":6},"end":{"line":131,"column":null}},"62":{"start":{"line":133,"column":6},"end":{"line":137,"column":null}},"63":{"start":{"line":141,"column":2},"end":{"line":142,"column":null}},"64":{"start":{"line":142,"column":4},"end":{"line":142,"column":null}},"65":{"start":{"line":146,"column":38},"end":{"line":154,"column":null}},"66":{"start":{"line":147,"column":18},"end":{"line":147,"column":null}},"67":{"start":{"line":148,"column":19},"end":{"line":148,"column":null}},"68":{"start":{"line":148,"column":39},"end":{"line":148,"column":null}},"69":{"start":{"line":150,"column":2},"end":{"line":150,"column":null}},"70":{"start":{"line":150,"column":42},"end":{"line":150,"column":null}},"71":{"start":{"line":152,"column":2},"end":{"line":152,"column":null}},"72":{"start":{"line":153,"column":2},"end":{"line":153,"column":null}}},"fnMap":{"0":{"name":"(anonymous_0)","decl":{"start":{"line":18,"column":27},"end":{"line":18,"column":28}},"loc":{"start":{"line":18,"column":63},"end":{"line":31,"column":null}},"line":18},"1":{"name":"(anonymous_1)","decl":{"start":{"line":33,"column":26},"end":{"line":33,"column":null}},"loc":{"start":{"line":33,"column":26},"end":{"line":35,"column":null}},"line":33},"2":{"name":"(anonymous_2)","decl":{"start":{"line":37,"column":35},"end":{"line":37,"column":36}},"loc":{"start":{"line":37,"column":36},"end":{"line":42,"column":null}},"line":37},"3":{"name":"(anonymous_3)","decl":{"start":{"line":40,"column":12},"end":{"line":40,"column":17}},"loc":{"start":{"line":40,"column":17},"end":{"line":40,"column":null}},"line":40},"4":{"name":"(anonymous_4)","decl":{"start":{"line":41,"column":10},"end":{"line":41,"column":11}},"loc":{"start":{"line":41,"column":20},"end":{"line":41,"column":null}},"line":41},"5":{"name":"(anonymous_5)","decl":{"start":{"line":44,"column":28},"end":{"line":44,"column":29}},"loc":{"start":{"line":44,"column":29},"end":{"line":47,"column":null}},"line":44},"6":{"name":"(anonymous_6)","decl":{"start":{"line":46,"column":22},"end":{"line":46,"column":27}},"loc":{"start":{"line":46,"column":27},"end":{"line":46,"column":null}},"line":46},"7":{"name":"(anonymous_7)","decl":{"start":{"line":49,"column":27},"end":{"line":49,"column":28}},"loc":{"start":{"line":49,"column":59},"end":{"line":63,"column":null}},"line":49},"8":{"name":"(anonymous_8)","decl":{"start":{"line":51,"column":34},"end":{"line":51,"column":39}},"loc":{"start":{"line":51,"column":39},"end":{"line":51,"column":null}},"line":51},"9":{"name":"(anonymous_9)","decl":{"start":{"line":65,"column":27},"end":{"line":65,"column":28}},"loc":{"start":{"line":65,"column":28},"end":{"line":79,"column":null}},"line":65},"10":{"name":"(anonymous_10)","decl":{"start":{"line":67,"column":34},"end":{"line":67,"column":39}},"loc":{"start":{"line":67,"column":39},"end":{"line":67,"column":null}},"line":67},"11":{"name":"(anonymous_11)","decl":{"start":{"line":75,"column":41},"end":{"line":75,"column":46}},"loc":{"start":{"line":75,"column":46},"end":{"line":75,"column":null}},"line":75},"12":{"name":"(anonymous_12)","decl":{"start":{"line":82,"column":34},"end":{"line":82,"column":null}},"loc":{"start":{"line":85,"column":2},"end":{"line":99,"column":null}},"line":85},"13":{"name":"(anonymous_13)","decl":{"start":{"line":101,"column":41},"end":{"line":101,"column":null}},"loc":{"start":{"line":101,"column":41},"end":{"line":103,"column":null}},"line":101},"14":{"name":"(anonymous_14)","decl":{"start":{"line":105,"column":36},"end":{"line":105,"column":37}},"loc":{"start":{"line":105,"column":37},"end":{"line":110,"column":null}},"line":105},"15":{"name":"(anonymous_15)","decl":{"start":{"line":108,"column":12},"end":{"line":108,"column":17}},"loc":{"start":{"line":108,"column":17},"end":{"line":108,"column":null}},"line":108},"16":{"name":"(anonymous_16)","decl":{"start":{"line":109,"column":10},"end":{"line":109,"column":11}},"loc":{"start":{"line":109,"column":20},"end":{"line":109,"column":null}},"line":109},"17":{"name":"(anonymous_17)","decl":{"start":{"line":112,"column":43},"end":{"line":112,"column":null}},"loc":{"start":{"line":115,"column":2},"end":{"line":122,"column":null}},"line":115},"18":{"name":"(anonymous_18)","decl":{"start":{"line":119,"column":4},"end":{"line":119,"column":9}},"loc":{"start":{"line":119,"column":9},"end":{"line":120,"column":null}},"line":119},"19":{"name":"(anonymous_19)","decl":{"start":{"line":124,"column":41},"end":{"line":124,"column":42}},"loc":{"start":{"line":124,"column":42},"end":{"line":144,"column":null}},"line":124},"20":{"name":"(anonymous_20)","decl":{"start":{"line":128,"column":18},"end":{"line":128,"column":null}},"loc":{"start":{"line":128,"column":18},"end":{"line":139,"column":null}},"line":128},"21":{"name":"(anonymous_21)","decl":{"start":{"line":141,"column":43},"end":{"line":141,"column":44}},"loc":{"start":{"line":142,"column":4},"end":{"line":142,"column":null}},"line":142},"22":{"name":"(anonymous_22)","decl":{"start":{"line":146,"column":38},"end":{"line":146,"column":39}},"loc":{"start":{"line":146,"column":39},"end":{"line":154,"column":null}},"line":146},"23":{"name":"(anonymous_23)","decl":{"start":{"line":148,"column":34},"end":{"line":148,"column":39}},"loc":{"start":{"line":148,"column":39},"end":{"line":148,"column":null}},"line":148}},"branchMap":{"0":{"loc":{"start":{"line":34,"column":20},"end":{"line":34,"column":null}},"type":"binary-expr","locations":[{"start":{"line":34,"column":20},"end":{"line":34,"column":55}},{"start":{"line":34,"column":55},"end":{"line":34,"column":null}}],"line":34},"1":{"loc":{"start":{"line":53,"column":2},"end":{"line":53,"column":null}},"type":"if","locations":[{"start":{"line":53,"column":2},"end":{"line":53,"column":null}},{"start":{},"end":{}}],"line":53},"2":{"loc":{"start":{"line":69,"column":2},"end":{"line":69,"column":null}},"type":"if","locations":[{"start":{"line":69,"column":2},"end":{"line":69,"column":null}},{"start":{},"end":{}}],"line":69},"3":{"loc":{"start":{"line":102,"column":20},"end":{"line":102,"column":null}},"type":"binary-expr","locations":[{"start":{"line":102,"column":20},"end":{"line":102,"column":70}},{"start":{"line":102,"column":70},"end":{"line":102,"column":null}}],"line":102},"4":{"loc":{"start":{"line":119,"column":9},"end":{"line":120,"column":null}},"type":"binary-expr","locations":[{"start":{"line":119,"column":9},"end":{"line":119,"column":null}},{"start":{"line":120,"column":9},"end":{"line":120,"column":null}}],"line":119},"5":{"loc":{"start":{"line":130,"column":4},"end":{"line":138,"column":null}},"type":"if","locations":[{"start":{"line":130,"column":4},"end":{"line":138,"column":null}},{"start":{"line":132,"column":11},"end":{"line":138,"column":null}}],"line":130},"6":{"loc":{"start":{"line":150,"column":2},"end":{"line":150,"column":null}},"type":"if","locations":[{"start":{"line":150,"column":2},"end":{"line":150,"column":null}},{"start":{},"end":{}}],"line":150}},"s":{"0":1,"1":26,"2":26,"3":26,"4":26,"5":26,"6":1,"7":41,"8":1,"9":3,"10":3,"11":6,"12":2,"13":1,"14":5,"15":5,"16":3,"17":1,"18":3,"19":3,"20":2,"21":3,"22":1,"23":2,"24":2,"25":2,"26":1,"27":3,"28":3,"29":2,"30":3,"31":1,"32":2,"33":2,"34":2,"35":2,"36":2,"37":2,"38":1,"39":21,"40":21,"41":21,"42":21,"43":21,"44":1,"45":35,"46":1,"47":8,"48":8,"49":15,"50":8,"51":1,"52":2,"53":2,"54":4,"55":1,"56":3,"57":3,"58":3,"59":6,"60":6,"61":1,"62":5,"63":3,"64":4,"65":1,"66":2,"67":2,"68":1,"69":2,"70":1,"71":1,"72":1},"f":{"0":26,"1":41,"2":3,"3":6,"4":2,"5":5,"6":3,"7":3,"8":2,"9":3,"10":2,"11":2,"12":21,"13":35,"14":8,"15":15,"16":8,"17":2,"18":4,"19":3,"20":6,"21":4,"22":2,"23":1},"b":{"0":[41,25],"1":[1,2],"2":[1,2],"3":[35,14],"4":[4,3],"5":[1,5],"6":[1,1]},"meta":{"lastBranch":7,"lastFunction":24,"lastStatement":73,"seen":{"s:18:27:31:Infinity":0,"f:18:27:18:28":0,"s:19:18:19:Infinity":1,"s:20:26:26:Infinity":2,"s:28:2:28:Infinity":3,"s:29:2:29:Infinity":4,"s:30:2:30:Infinity":5,"s:33:26:35:Infinity":6,"f:33:26:33:Infinity":1,"s:34:2:34:Infinity":7,"b:34:20:34:55:34:55:34:Infinity":0,"s:37:35:42:Infinity":8,"f:37:35:37:36":2,"s:38:18:38:Infinity":9,"s:39:2:41:Infinity":10,"f:40:12:40:17":3,"s:40:17:40:Infinity":11,"f:41:10:41:11":4,"s:41:20:41:Infinity":12,"s:44:28:47:Infinity":13,"f:44:28:44:29":5,"s:45:18:45:Infinity":14,"s:46:2:46:Infinity":15,"f:46:22:46:27":6,"s:46:27:46:Infinity":16,"s:49:27:63:Infinity":17,"f:49:27:49:28":7,"s:50:18:50:Infinity":18,"s:51:16:51:Infinity":19,"f:51:34:51:39":8,"s:51:39:51:Infinity":20,"b:53:2:53:Infinity:undefined:undefined:undefined:undefined":1,"s:53:2:53:Infinity":21,"s:53:20:53:Infinity":22,"s:55:2:59:Infinity":23,"s:61:2:61:Infinity":24,"s:62:2:62:Infinity":25,"s:65:27:79:Infinity":26,"f:65:27:65:28":9,"s:66:18:66:Infinity":27,"s:67:19:67:Infinity":28,"f:67:34:67:39":10,"s:67:39:67:Infinity":29,"b:69:2:69:Infinity:undefined:undefined:undefined:undefined":2,"s:69:2:69:Infinity":30,"s:69:42:69:Infinity":31,"s:71:2:71:Infinity":32,"s:74:18:74:Infinity":33,"s:75:26:75:Infinity":34,"f:75:41:75:46":11,"s:75:46:75:Infinity":35,"s:76:2:76:Infinity":36,"s:78:2:78:Infinity":37,"s:82:34:99:Infinity":38,"f:82:34:82:Infinity":12,"s:87:18:87:Infinity":39,"s:88:43:94:Infinity":40,"s:96:2:96:Infinity":41,"s:97:2:97:Infinity":42,"s:98:2:98:Infinity":43,"s:101:41:103:Infinity":44,"f:101:41:101:Infinity":13,"s:102:2:102:Infinity":45,"b:102:20:102:70:102:70:102:Infinity":3,"s:105:36:110:Infinity":46,"f:105:36:105:37":14,"s:106:18:106:Infinity":47,"s:107:2:109:Infinity":48,"f:108:12:108:17":15,"s:108:17:108:Infinity":49,"f:109:10:109:11":16,"s:109:20:109:Infinity":50,"s:112:43:122:Infinity":51,"f:112:43:112:Infinity":17,"s:117:18:117:Infinity":52,"s:118:2:120:Infinity":53,"f:119:4:119:9":18,"s:119:9:120:Infinity":54,"b:119:9:119:Infinity:120:9:120:Infinity":4,"s:124:41:144:Infinity":55,"f:124:41:124:42":19,"s:125:18:125:Infinity":56,"s:126:18:126:Infinity":57,"s:128:2:139:Infinity":58,"f:128:18:128:Infinity":20,"s:129:16:129:98":59,"b:130:4:138:Infinity:132:11:138:Infinity":5,"s:130:4:138:Infinity":60,"s:131:6:131:Infinity":61,"s:133:6:137:Infinity":62,"s:141:2:142:Infinity":63,"f:141:43:141:44":21,"s:142:4:142:Infinity":64,"s:146:38:154:Infinity":65,"f:146:38:146:39":22,"s:147:18:147:Infinity":66,"s:148:19:148:Infinity":67,"f:148:34:148:39":23,"s:148:39:148:Infinity":68,"b:150:2:150:Infinity:undefined:undefined:undefined:undefined":6,"s:150:2:150:Infinity":69,"s:150:42:150:Infinity":70,"s:152:2:152:Infinity":71,"s:153:2:153:Infinity":72}}}
,"/home/msulander/code/personal/student-attendance-tracker/client-app/src/lib/utils.ts": {"path":"/home/msulander/code/personal/student-attendance-tracker/client-app/src/lib/utils.ts","statementMap":{"0":{"start":{"line":5,"column":2},"end":{"line":5,"column":null}}},"fnMap":{"0":{"name":"cn","decl":{"start":{"line":4,"column":16},"end":{"line":4,"column":19}},"loc":{"start":{"line":4,"column":42},"end":{"line":6,"column":null}},"line":4}},"branchMap":{},"s":{"0":1357},"f":{"0":1357},"b":{},"meta":{"lastBranch":0,"lastFunction":1,"lastStatement":1,"seen":{"f:4:16:4:19":0,"s:5:2:5:Infinity":0}}}
,"/home/msulander/code/personal/student-attendance-tracker/client-app/src/pages/Auth.tsx": {"path":"/home/msulander/code/personal/student-attendance-tracker/client-app/src/pages/Auth.tsx","statementMap":{"0":{"start":{"line":11,"column":13},"end":{"line":90,"column":null}},"1":{"start":{"line":12,"column":29},"end":{"line":12,"column":null}},"2":{"start":{"line":13,"column":25},"end":{"line":13,"column":null}},"3":{"start":{"line":14,"column":31},"end":{"line":14,"column":null}},"4":{"start":{"line":15,"column":25},"end":{"line":15,"column":null}},"5":{"start":{"line":16,"column":8},"end":{"line":16,"column":null}},"6":{"start":{"line":17,"column":17},"end":{"line":17,"column":null}},"7":{"start":{"line":19,"column":23},"end":{"line":38,"column":null}},"8":{"start":{"line":20,"column":4},"end":{"line":20,"column":null}},"9":{"start":{"line":22,"column":20},"end":{"line":24,"column":45}},"10":{"start":{"line":26,"column":4},"end":{"line":37,"column":null}},"11":{"start":{"line":27,"column":6},"end":{"line":29,"column":null}},"12":{"start":{"line":30,"column":6},"end":{"line":30,"column":null}},"13":{"start":{"line":32,"column":6},"end":{"line":36,"column":null}},"14":{"start":{"line":59,"column":33},"end":{"line":59,"column":null}},"15":{"start":{"line":69,"column":33},"end":{"line":69,"column":null}},"16":{"start":{"line":80,"column":29},"end":{"line":80,"column":null}}},"fnMap":{"0":{"name":"(anonymous_0)","decl":{"start":{"line":11,"column":13},"end":{"line":11,"column":null}},"loc":{"start":{"line":11,"column":13},"end":{"line":90,"column":null}},"line":11},"1":{"name":"(anonymous_1)","decl":{"start":{"line":19,"column":23},"end":{"line":19,"column":30}},"loc":{"start":{"line":19,"column":30},"end":{"line":38,"column":null}},"line":19},"2":{"name":"(anonymous_2)","decl":{"start":{"line":59,"column":26},"end":{"line":59,"column":27}},"loc":{"start":{"line":59,"column":33},"end":{"line":59,"column":null}},"line":59},"3":{"name":"(anonymous_3)","decl":{"start":{"line":69,"column":26},"end":{"line":69,"column":27}},"loc":{"start":{"line":69,"column":33},"end":{"line":69,"column":null}},"line":69},"4":{"name":"(anonymous_4)","decl":{"start":{"line":80,"column":23},"end":{"line":80,"column":29}},"loc":{"start":{"line":80,"column":29},"end":{"line":80,"column":null}},"line":80}},"branchMap":{"0":{"loc":{"start":{"line":22,"column":20},"end":{"line":24,"column":45}},"type":"cond-expr","locations":[{"start":{"line":23,"column":8},"end":{"line":23,"column":null}},{"start":{"line":24,"column":8},"end":{"line":24,"column":45}}],"line":22},"1":{"loc":{"start":{"line":26,"column":4},"end":{"line":37,"column":null}},"type":"if","locations":[{"start":{"line":26,"column":4},"end":{"line":37,"column":null}},{"start":{"line":31,"column":11},"end":{"line":37,"column":null}}],"line":26},"2":{"loc":{"start":{"line":28,"column":15},"end":{"line":28,"column":null}},"type":"cond-expr","locations":[{"start":{"line":28,"column":25},"end":{"line":28,"column":48}},{"start":{"line":28,"column":48},"end":{"line":28,"column":null}}],"line":28},"3":{"loc":{"start":{"line":34,"column":21},"end":{"line":34,"column":null}},"type":"cond-expr","locations":[{"start":{"line":34,"column":31},"end":{"line":34,"column":65}},{"start":{"line":34,"column":65},"end":{"line":34,"column":null}}],"line":34},"4":{"loc":{"start":{"line":46,"column":22},"end":{"line":46,"column":null}},"type":"cond-expr","locations":[{"start":{"line":46,"column":32},"end":{"line":46,"column":52}},{"start":{"line":46,"column":52},"end":{"line":46,"column":null}}],"line":46},"5":{"loc":{"start":{"line":48,"column":13},"end":{"line":48,"column":null}},"type":"cond-expr","locations":[{"start":{"line":48,"column":23},"end":{"line":48,"column":52}},{"start":{"line":48,"column":52},"end":{"line":48,"column":null}}],"line":48},"6":{"loc":{"start":{"line":74,"column":15},"end":{"line":74,"column":null}},"type":"cond-expr","locations":[{"start":{"line":74,"column":25},"end":{"line":74,"column":38}},{"start":{"line":74,"column":38},"end":{"line":74,"column":null}}],"line":74},"7":{"loc":{"start":{"line":82,"column":15},"end":{"line":82,"column":null}},"type":"cond-expr","locations":[{"start":{"line":82,"column":25},"end":{"line":82,"column":52}},{"start":{"line":82,"column":52},"end":{"line":82,"column":null}}],"line":82}},"s":{"0":1,"1":97,"2":97,"3":97,"4":97,"5":97,"6":97,"7":97,"8":3,"9":3,"10":2,"11":2,"12":2,"13":1,"14":50,"15":34,"16":4},"f":{"0":97,"1":3,"2":50,"3":34,"4":4},"b":{"0":[1,2],"1":[2,1],"2":[1,1],"3":[0,1],"4":[36,61],"5":[36,61],"6":[36,61],"7":[36,61]},"meta":{"lastBranch":8,"lastFunction":5,"lastStatement":17,"seen":{"s:11:13:90:Infinity":0,"f:11:13:11:Infinity":0,"s:12:29:12:Infinity":1,"s:13:25:13:Infinity":2,"s:14:31:14:Infinity":3,"s:15:25:15:Infinity":4,"s:16:8:16:Infinity":5,"s:17:17:17:Infinity":6,"s:19:23:38:Infinity":7,"f:19:23:19:30":1,"s:20:4:20:Infinity":8,"s:22:20:24:45":9,"b:23:8:23:Infinity:24:8:24:45":0,"b:26:4:37:Infinity:31:11:37:Infinity":1,"s:26:4:37:Infinity":10,"s:27:6:29:Infinity":11,"b:28:25:28:48:28:48:28:Infinity":2,"s:30:6:30:Infinity":12,"s:32:6:36:Infinity":13,"b:34:31:34:65:34:65:34:Infinity":3,"b:46:32:46:52:46:52:46:Infinity":4,"b:48:23:48:52:48:52:48:Infinity":5,"f:59:26:59:27":2,"s:59:33:59:Infinity":14,"f:69:26:69:27":3,"s:69:33:69:Infinity":15,"b:74:25:74:38:74:38:74:Infinity":6,"f:80:23:80:29":4,"s:80:29:80:Infinity":16,"b:82:25:82:52:82:52:82:Infinity":7}}}
}
